<?xml version="1.0" encoding="UTF-8"?>
<testsuite xmlns:xsi="http://www.w3.org/2001/XMLSchema-instance" xsi:noNamespaceSchemaLocation="https://maven.apache.org/surefire/maven-surefire-plugin/xsd/surefire-test-report-3.0.xsd" version="3.0" name="com.revature.integration.UserIntegrationTests" time="0.808" tests="1" errors="0" skipped="0" failures="1">
  <properties>
    <property name="java.specification.version" value="21"/>
    <property name="sun.cpu.isalist" value="amd64"/>
    <property name="sun.jnu.encoding" value="Cp1252"/>
    <property name="java.class.path" value="C:\2024Training\TRNG-00001962\P0-complete\PlanetsAndMoons\target\test-classes;C:\2024Training\TRNG-00001962\P0-complete\PlanetsAndMoons\target\classes;C:\Users\JasdhirSingh\.m2\repository\org\slf4j\slf4j-simple\2.0.10\slf4j-simple-2.0.10.jar;C:\Users\JasdhirSingh\.m2\repository\org\slf4j\slf4j-api\2.0.10\slf4j-api-2.0.10.jar;C:\Users\JasdhirSingh\.m2\repository\org\xerial\sqlite-jdbc\3.45.2.0\sqlite-jdbc-3.45.2.0.jar;C:\Users\JasdhirSingh\.m2\repository\io\javalin\javalin\6.1.3\javalin-6.1.3.jar;C:\Users\JasdhirSingh\.m2\repository\org\eclipse\jetty\jetty-server\11.0.20\jetty-server-11.0.20.jar;C:\Users\JasdhirSingh\.m2\repository\org\eclipse\jetty\jetty-http\11.0.20\jetty-http-11.0.20.jar;C:\Users\JasdhirSingh\.m2\repository\org\eclipse\jetty\jetty-util\11.0.20\jetty-util-11.0.20.jar;C:\Users\JasdhirSingh\.m2\repository\org\eclipse\jetty\jetty-io\11.0.20\jetty-io-11.0.20.jar;C:\Users\JasdhirSingh\.m2\repository\org\eclipse\jetty\toolchain\jetty-jakarta-servlet-api\5.0.2\jetty-jakarta-servlet-api-5.0.2.jar;C:\Users\JasdhirSingh\.m2\repository\org\eclipse\jetty\websocket\websocket-jetty-server\11.0.20\websocket-jetty-server-11.0.20.jar;C:\Users\JasdhirSingh\.m2\repository\org\eclipse\jetty\jetty-servlet\11.0.20\jetty-servlet-11.0.20.jar;C:\Users\JasdhirSingh\.m2\repository\org\eclipse\jetty\jetty-security\11.0.20\jetty-security-11.0.20.jar;C:\Users\JasdhirSingh\.m2\repository\org\eclipse\jetty\jetty-webapp\11.0.20\jetty-webapp-11.0.20.jar;C:\Users\JasdhirSingh\.m2\repository\org\eclipse\jetty\jetty-xml\11.0.20\jetty-xml-11.0.20.jar;C:\Users\JasdhirSingh\.m2\repository\org\eclipse\jetty\websocket\websocket-jetty-api\11.0.20\websocket-jetty-api-11.0.20.jar;C:\Users\JasdhirSingh\.m2\repository\org\eclipse\jetty\websocket\websocket-jetty-common\11.0.20\websocket-jetty-common-11.0.20.jar;C:\Users\JasdhirSingh\.m2\repository\org\eclipse\jetty\websocket\websocket-core-common\11.0.20\websocket-core-common-11.0.20.jar;C:\Users\JasdhirSingh\.m2\repository\org\eclipse\jetty\websocket\websocket-servlet\11.0.20\websocket-servlet-11.0.20.jar;C:\Users\JasdhirSingh\.m2\repository\org\eclipse\jetty\websocket\websocket-core-server\11.0.20\websocket-core-server-11.0.20.jar;C:\Users\JasdhirSingh\.m2\repository\org\jetbrains\kotlin\kotlin-stdlib-jdk8\1.9.22\kotlin-stdlib-jdk8-1.9.22.jar;C:\Users\JasdhirSingh\.m2\repository\org\jetbrains\kotlin\kotlin-stdlib\1.9.22\kotlin-stdlib-1.9.22.jar;C:\Users\JasdhirSingh\.m2\repository\org\jetbrains\annotations\13.0\annotations-13.0.jar;C:\Users\JasdhirSingh\.m2\repository\org\jetbrains\kotlin\kotlin-stdlib-jdk7\1.9.22\kotlin-stdlib-jdk7-1.9.22.jar;C:\Users\JasdhirSingh\.m2\repository\com\fasterxml\jackson\core\jackson-databind\2.13.4\jackson-databind-2.13.4.jar;C:\Users\JasdhirSingh\.m2\repository\com\fasterxml\jackson\core\jackson-annotations\2.13.4\jackson-annotations-2.13.4.jar;C:\Users\JasdhirSingh\.m2\repository\com\fasterxml\jackson\core\jackson-core\2.13.4\jackson-core-2.13.4.jar;C:\Users\JasdhirSingh\.m2\repository\org\junit\jupiter\junit-jupiter-api\5.11.0-M1\junit-jupiter-api-5.11.0-M1.jar;C:\Users\JasdhirSingh\.m2\repository\org\opentest4j\opentest4j\1.3.0\opentest4j-1.3.0.jar;C:\Users\JasdhirSingh\.m2\repository\org\junit\platform\junit-platform-commons\1.11.0-M1\junit-platform-commons-1.11.0-M1.jar;C:\Users\JasdhirSingh\.m2\repository\org\apiguardian\apiguardian-api\1.1.2\apiguardian-api-1.1.2.jar;C:\Users\JasdhirSingh\.m2\repository\org\mockito\mockito-core\5.11.0\mockito-core-5.11.0.jar;C:\Users\JasdhirSingh\.m2\repository\net\bytebuddy\byte-buddy\1.14.12\byte-buddy-1.14.12.jar;C:\Users\JasdhirSingh\.m2\repository\net\bytebuddy\byte-buddy-agent\1.14.12\byte-buddy-agent-1.14.12.jar;C:\Users\JasdhirSingh\.m2\repository\org\objenesis\objenesis\3.3\objenesis-3.3.jar;C:\Users\JasdhirSingh\.m2\repository\io\javalin\javalin-testtools\6.1.3\javalin-testtools-6.1.3.jar;C:\Users\JasdhirSingh\.m2\repository\com\squareup\okhttp3\okhttp\4.12.0\okhttp-4.12.0.jar;C:\Users\JasdhirSingh\.m2\repository\com\squareup\okio\okio\3.6.0\okio-3.6.0.jar;C:\Users\JasdhirSingh\.m2\repository\com\squareup\okio\okio-jvm\3.6.0\okio-jvm-3.6.0.jar;C:\Users\JasdhirSingh\.m2\repository\org\jetbrains\kotlin\kotlin-stdlib-common\1.9.10\kotlin-stdlib-common-1.9.10.jar;C:\Users\JasdhirSingh\.m2\repository\io\cucumber\cucumber-java\7.17.0\cucumber-java-7.17.0.jar;C:\Users\JasdhirSingh\.m2\repository\io\cucumber\cucumber-core\7.17.0\cucumber-core-7.17.0.jar;C:\Users\JasdhirSingh\.m2\repository\io\cucumber\cucumber-gherkin\7.17.0\cucumber-gherkin-7.17.0.jar;C:\Users\JasdhirSingh\.m2\repository\io\cucumber\cucumber-gherkin-messages\7.17.0\cucumber-gherkin-messages-7.17.0.jar;C:\Users\JasdhirSingh\.m2\repository\io\cucumber\gherkin\28.0.0\gherkin-28.0.0.jar;C:\Users\JasdhirSingh\.m2\repository\io\cucumber\messages\24.1.0\messages-24.1.0.jar;C:\Users\JasdhirSingh\.m2\repository\io\cucumber\testng-xml-formatter\0.1.0\testng-xml-formatter-0.1.0.jar;C:\Users\JasdhirSingh\.m2\repository\io\cucumber\query\12.1.2\query-12.1.2.jar;C:\Users\JasdhirSingh\.m2\repository\io\cucumber\tag-expressions\6.1.0\tag-expressions-6.1.0.jar;C:\Users\JasdhirSingh\.m2\repository\io\cucumber\cucumber-expressions\17.1.0\cucumber-expressions-17.1.0.jar;C:\Users\JasdhirSingh\.m2\repository\io\cucumber\datatable\7.17.0\datatable-7.17.0.jar;C:\Users\JasdhirSingh\.m2\repository\io\cucumber\cucumber-plugin\7.17.0\cucumber-plugin-7.17.0.jar;C:\Users\JasdhirSingh\.m2\repository\io\cucumber\docstring\7.17.0\docstring-7.17.0.jar;C:\Users\JasdhirSingh\.m2\repository\io\cucumber\html-formatter\21.3.1\html-formatter-21.3.1.jar;C:\Users\JasdhirSingh\.m2\repository\io\cucumber\junit-xml-formatter\0.4.0\junit-xml-formatter-0.4.0.jar;C:\Users\JasdhirSingh\.m2\repository\io\cucumber\ci-environment\10.0.1\ci-environment-10.0.1.jar;"/>
    <property name="java.vm.vendor" value="Oracle Corporation"/>
    <property name="sun.arch.data.model" value="64"/>
    <property name="user.variant" value=""/>
    <property name="java.vendor.url" value="https://java.oracle.com/"/>
    <property name="user.timezone" value="America/New_York"/>
    <property name="os.name" value="Windows 10"/>
    <property name="java.vm.specification.version" value="21"/>
    <property name="sun.java.launcher" value="SUN_STANDARD"/>
    <property name="user.country" value="US"/>
    <property name="sun.boot.library.path" value="C:\Program Files\Java\jdk-21\bin"/>
    <property name="sun.java.command" value="C:\Users\JasdhirSingh\AppData\Local\Temp\surefire1251748276388466600\surefirebooter-20240513165939586_3.jar C:\Users\JasdhirSingh\AppData\Local\Temp\surefire1251748276388466600 2024-05-13T16-59-38_250-jvmRun1 surefire-20240513165939586_1tmp surefire_0-20240513165939586_2tmp"/>
    <property name="jdk.debug" value="release"/>
    <property name="surefire.test.class.path" value="C:\2024Training\TRNG-00001962\P0-complete\PlanetsAndMoons\target\test-classes;C:\2024Training\TRNG-00001962\P0-complete\PlanetsAndMoons\target\classes;C:\Users\JasdhirSingh\.m2\repository\org\slf4j\slf4j-simple\2.0.10\slf4j-simple-2.0.10.jar;C:\Users\JasdhirSingh\.m2\repository\org\slf4j\slf4j-api\2.0.10\slf4j-api-2.0.10.jar;C:\Users\JasdhirSingh\.m2\repository\org\xerial\sqlite-jdbc\3.45.2.0\sqlite-jdbc-3.45.2.0.jar;C:\Users\JasdhirSingh\.m2\repository\io\javalin\javalin\6.1.3\javalin-6.1.3.jar;C:\Users\JasdhirSingh\.m2\repository\org\eclipse\jetty\jetty-server\11.0.20\jetty-server-11.0.20.jar;C:\Users\JasdhirSingh\.m2\repository\org\eclipse\jetty\jetty-http\11.0.20\jetty-http-11.0.20.jar;C:\Users\JasdhirSingh\.m2\repository\org\eclipse\jetty\jetty-util\11.0.20\jetty-util-11.0.20.jar;C:\Users\JasdhirSingh\.m2\repository\org\eclipse\jetty\jetty-io\11.0.20\jetty-io-11.0.20.jar;C:\Users\JasdhirSingh\.m2\repository\org\eclipse\jetty\toolchain\jetty-jakarta-servlet-api\5.0.2\jetty-jakarta-servlet-api-5.0.2.jar;C:\Users\JasdhirSingh\.m2\repository\org\eclipse\jetty\websocket\websocket-jetty-server\11.0.20\websocket-jetty-server-11.0.20.jar;C:\Users\JasdhirSingh\.m2\repository\org\eclipse\jetty\jetty-servlet\11.0.20\jetty-servlet-11.0.20.jar;C:\Users\JasdhirSingh\.m2\repository\org\eclipse\jetty\jetty-security\11.0.20\jetty-security-11.0.20.jar;C:\Users\JasdhirSingh\.m2\repository\org\eclipse\jetty\jetty-webapp\11.0.20\jetty-webapp-11.0.20.jar;C:\Users\JasdhirSingh\.m2\repository\org\eclipse\jetty\jetty-xml\11.0.20\jetty-xml-11.0.20.jar;C:\Users\JasdhirSingh\.m2\repository\org\eclipse\jetty\websocket\websocket-jetty-api\11.0.20\websocket-jetty-api-11.0.20.jar;C:\Users\JasdhirSingh\.m2\repository\org\eclipse\jetty\websocket\websocket-jetty-common\11.0.20\websocket-jetty-common-11.0.20.jar;C:\Users\JasdhirSingh\.m2\repository\org\eclipse\jetty\websocket\websocket-core-common\11.0.20\websocket-core-common-11.0.20.jar;C:\Users\JasdhirSingh\.m2\repository\org\eclipse\jetty\websocket\websocket-servlet\11.0.20\websocket-servlet-11.0.20.jar;C:\Users\JasdhirSingh\.m2\repository\org\eclipse\jetty\websocket\websocket-core-server\11.0.20\websocket-core-server-11.0.20.jar;C:\Users\JasdhirSingh\.m2\repository\org\jetbrains\kotlin\kotlin-stdlib-jdk8\1.9.22\kotlin-stdlib-jdk8-1.9.22.jar;C:\Users\JasdhirSingh\.m2\repository\org\jetbrains\kotlin\kotlin-stdlib\1.9.22\kotlin-stdlib-1.9.22.jar;C:\Users\JasdhirSingh\.m2\repository\org\jetbrains\annotations\13.0\annotations-13.0.jar;C:\Users\JasdhirSingh\.m2\repository\org\jetbrains\kotlin\kotlin-stdlib-jdk7\1.9.22\kotlin-stdlib-jdk7-1.9.22.jar;C:\Users\JasdhirSingh\.m2\repository\com\fasterxml\jackson\core\jackson-databind\2.13.4\jackson-databind-2.13.4.jar;C:\Users\JasdhirSingh\.m2\repository\com\fasterxml\jackson\core\jackson-annotations\2.13.4\jackson-annotations-2.13.4.jar;C:\Users\JasdhirSingh\.m2\repository\com\fasterxml\jackson\core\jackson-core\2.13.4\jackson-core-2.13.4.jar;C:\Users\JasdhirSingh\.m2\repository\org\junit\jupiter\junit-jupiter-api\5.11.0-M1\junit-jupiter-api-5.11.0-M1.jar;C:\Users\JasdhirSingh\.m2\repository\org\opentest4j\opentest4j\1.3.0\opentest4j-1.3.0.jar;C:\Users\JasdhirSingh\.m2\repository\org\junit\platform\junit-platform-commons\1.11.0-M1\junit-platform-commons-1.11.0-M1.jar;C:\Users\JasdhirSingh\.m2\repository\org\apiguardian\apiguardian-api\1.1.2\apiguardian-api-1.1.2.jar;C:\Users\JasdhirSingh\.m2\repository\org\mockito\mockito-core\5.11.0\mockito-core-5.11.0.jar;C:\Users\JasdhirSingh\.m2\repository\net\bytebuddy\byte-buddy\1.14.12\byte-buddy-1.14.12.jar;C:\Users\JasdhirSingh\.m2\repository\net\bytebuddy\byte-buddy-agent\1.14.12\byte-buddy-agent-1.14.12.jar;C:\Users\JasdhirSingh\.m2\repository\org\objenesis\objenesis\3.3\objenesis-3.3.jar;C:\Users\JasdhirSingh\.m2\repository\io\javalin\javalin-testtools\6.1.3\javalin-testtools-6.1.3.jar;C:\Users\JasdhirSingh\.m2\repository\com\squareup\okhttp3\okhttp\4.12.0\okhttp-4.12.0.jar;C:\Users\JasdhirSingh\.m2\repository\com\squareup\okio\okio\3.6.0\okio-3.6.0.jar;C:\Users\JasdhirSingh\.m2\repository\com\squareup\okio\okio-jvm\3.6.0\okio-jvm-3.6.0.jar;C:\Users\JasdhirSingh\.m2\repository\org\jetbrains\kotlin\kotlin-stdlib-common\1.9.10\kotlin-stdlib-common-1.9.10.jar;C:\Users\JasdhirSingh\.m2\repository\io\cucumber\cucumber-java\7.17.0\cucumber-java-7.17.0.jar;C:\Users\JasdhirSingh\.m2\repository\io\cucumber\cucumber-core\7.17.0\cucumber-core-7.17.0.jar;C:\Users\JasdhirSingh\.m2\repository\io\cucumber\cucumber-gherkin\7.17.0\cucumber-gherkin-7.17.0.jar;C:\Users\JasdhirSingh\.m2\repository\io\cucumber\cucumber-gherkin-messages\7.17.0\cucumber-gherkin-messages-7.17.0.jar;C:\Users\JasdhirSingh\.m2\repository\io\cucumber\gherkin\28.0.0\gherkin-28.0.0.jar;C:\Users\JasdhirSingh\.m2\repository\io\cucumber\messages\24.1.0\messages-24.1.0.jar;C:\Users\JasdhirSingh\.m2\repository\io\cucumber\testng-xml-formatter\0.1.0\testng-xml-formatter-0.1.0.jar;C:\Users\JasdhirSingh\.m2\repository\io\cucumber\query\12.1.2\query-12.1.2.jar;C:\Users\JasdhirSingh\.m2\repository\io\cucumber\tag-expressions\6.1.0\tag-expressions-6.1.0.jar;C:\Users\JasdhirSingh\.m2\repository\io\cucumber\cucumber-expressions\17.1.0\cucumber-expressions-17.1.0.jar;C:\Users\JasdhirSingh\.m2\repository\io\cucumber\datatable\7.17.0\datatable-7.17.0.jar;C:\Users\JasdhirSingh\.m2\repository\io\cucumber\cucumber-plugin\7.17.0\cucumber-plugin-7.17.0.jar;C:\Users\JasdhirSingh\.m2\repository\io\cucumber\docstring\7.17.0\docstring-7.17.0.jar;C:\Users\JasdhirSingh\.m2\repository\io\cucumber\html-formatter\21.3.1\html-formatter-21.3.1.jar;C:\Users\JasdhirSingh\.m2\repository\io\cucumber\junit-xml-formatter\0.4.0\junit-xml-formatter-0.4.0.jar;C:\Users\JasdhirSingh\.m2\repository\io\cucumber\ci-environment\10.0.1\ci-environment-10.0.1.jar;"/>
    <property name="sun.cpu.endian" value="little"/>
    <property name="user.home" value="C:\Users\JasdhirSingh"/>
    <property name="user.language" value="en"/>
    <property name="java.specification.vendor" value="Oracle Corporation"/>
    <property name="java.version.date" value="2023-10-17"/>
    <property name="java.home" value="C:\Program Files\Java\jdk-21"/>
    <property name="file.separator" value="\"/>
    <property name="basedir" value="C:\2024Training\TRNG-00001962\P0-complete\PlanetsAndMoons"/>
    <property name="java.vm.compressedOopsMode" value="Zero based"/>
    <property name="line.separator" value="&#10;"/>
    <property name="java.vm.specification.vendor" value="Oracle Corporation"/>
    <property name="java.specification.name" value="Java Platform API Specification"/>
    <property name="surefire.real.class.path" value="C:\Users\JasdhirSingh\AppData\Local\Temp\surefire1251748276388466600\surefirebooter-20240513165939586_3.jar"/>
    <property name="user.script" value=""/>
    <property name="sun.management.compiler" value="HotSpot 64-Bit Tiered Compilers"/>
    <property name="java.runtime.version" value="21.0.1+12-LTS-29"/>
    <property name="user.name" value="JasdhirSingh"/>
    <property name="stdout.encoding" value="Cp1252"/>
    <property name="path.separator" value=";"/>
    <property name="os.version" value="10.0"/>
    <property name="java.runtime.name" value="Java(TM) SE Runtime Environment"/>
    <property name="file.encoding" value="UTF-8"/>
    <property name="java.vm.name" value="Java HotSpot(TM) 64-Bit Server VM"/>
    <property name="localRepository" value="C:\Users\JasdhirSingh\.m2\repository"/>
    <property name="java.vendor.url.bug" value="https://bugreport.java.com/bugreport/"/>
    <property name="jetty.git.hash" value="922f8dc188f7011e60d0361de585fd4ac4d63064"/>
    <property name="java.io.tmpdir" value="C:\Users\JASDHI~1\AppData\Local\Temp\"/>
    <property name="java.version" value="21.0.1"/>
    <property name="user.dir" value="C:\2024Training\TRNG-00001962\P0-complete\PlanetsAndMoons"/>
    <property name="os.arch" value="amd64"/>
    <property name="java.vm.specification.name" value="Java Virtual Machine Specification"/>
    <property name="sun.os.patch.level" value=""/>
    <property name="native.encoding" value="Cp1252"/>
    <property name="java.library.path" value="C:\Program Files\Java\jdk-21\bin;C:\Windows\Sun\Java\bin;C:\Windows\system32;C:\Windows;C:\Windows\system32;C:\Windows;C:\Windows\System32\Wbem;C:\Windows\System32\WindowsPowerShell\v1.0\;C:\Windows\System32\OpenSSH\;C:\Program Files\Microsoft VS Code\bin;C:\Program Files\Common Files\Oracle\Java\javapath;C:\apache-maven-3.9.6\bin;C:\Program Files\Git\cmd;C:\Training\Kubernetes\tools;C:\Program Files\Kubernetes\Minikube;C:\Program Files\nodejs\;C:\Program Files\MySQL\MySQL Shell 8.0\bin\;C:\Users\JasdhirSingh\AppData\Local\Microsoft\WindowsApps;C:\Users\JasdhirSingh\AppData\Roaming\npm;C:\Program Files\mongosh\;."/>
    <property name="java.vm.info" value="mixed mode, sharing"/>
    <property name="stderr.encoding" value="Cp1252"/>
    <property name="java.vendor" value="Oracle Corporation"/>
    <property name="java.vm.version" value="21.0.1+12-LTS-29"/>
    <property name="sun.io.unicode.encoding" value="UnicodeLittle"/>
    <property name="java.class.version" value="65.0"/>
  </properties>
  <testcase name="createUserPositive" classname="com.revature.integration.UserIntegrationTests" time="0.803">
    <failure message="expected: &lt;201&gt; but was: &lt;500&gt;" type="org.opentest4j.AssertionFailedError"><![CDATA[org.opentest4j.AssertionFailedError: expected: <201> but was: <500>
	at org.junit.jupiter.api.AssertionFailureBuilder.build(AssertionFailureBuilder.java:151)
	at org.junit.jupiter.api.AssertionFailureBuilder.buildAndThrow(AssertionFailureBuilder.java:132)
	at org.junit.jupiter.api.AssertEquals.failNotEqual(AssertEquals.java:197)
	at org.junit.jupiter.api.AssertEquals.assertEquals(AssertEquals.java:150)
	at org.junit.jupiter.api.AssertEquals.assertEquals(AssertEquals.java:145)
	at org.junit.jupiter.api.Assertions.assertEquals(Assertions.java:531)
	at com.revature.integration.UserIntegrationTests.lambda$createUserPositive$0(UserIntegrationTests.java:46)
	at io.javalin.testtools.TestTool.test$lambda$3(TestTool.kt:36)
	at io.javalin.testtools.TestTool.runAndCaptureLogs(TestTool.kt:64)
	at io.javalin.testtools.TestTool.test(TestTool.kt:33)
	at io.javalin.testtools.JavalinTest.test(JavalinTest.kt:13)
	at io.javalin.testtools.JavalinTest.test$default(JavalinTest.kt:12)
	at io.javalin.testtools.JavalinTest.test(JavalinTest.kt)
	at com.revature.integration.UserIntegrationTests.createUserPositive(UserIntegrationTests.java:35)
	at java.base/java.lang.reflect.Method.invoke(Method.java:580)
	at java.base/java.util.ArrayList.forEach(ArrayList.java:1596)
	at java.base/java.util.ArrayList.forEach(ArrayList.java:1596)
]]></failure>
    <system-err><![CDATA[[main] ERROR io.javalin.Javalin - JavalinTest#test failed - full log output below:
[main] INFO io.javalin.Javalin - Starting Javalin ...
[main] INFO org.eclipse.jetty.server.Server - jetty-11.0.20; built: 2024-01-29T21:04:22.394Z; git: 922f8dc188f7011e60d0361de585fd4ac4d63064; jvm 21.0.1+12-LTS-29
[main] INFO org.eclipse.jetty.server.session.DefaultSessionIdManager - Session workerName=node0
[main] INFO org.eclipse.jetty.server.handler.ContextHandler - Started o.e.j.s.ServletContextHandler@61526469{/,null,AVAILABLE}
[main] INFO org.eclipse.jetty.server.AbstractConnector - Started ServerConnector@4351c8c3{HTTP/1.1, (http/1.1)}{0.0.0.0:56436}
[main] INFO org.eclipse.jetty.server.Server - Started Server@60641ec8{STARTING}[11.0.20,sto=0] @1378ms
[main] INFO io.javalin.Javalin - 
       __                  ___           _____
      / /___ __   ______ _/ (_)___      / ___/
 __  / / __ `/ | / / __ `/ / / __ \    / __ \
/ /_/ / /_/ /| |/ / /_/ / / / / / /   / /_/ /
\____/\__,_/ |___/\__,_/_/_/_/ /_/    \____/

       https://javalin.io/documentation

[main] INFO io.javalin.Javalin - Javalin started in 195ms \o/
[main] INFO io.javalin.Javalin - Listening on http://localhost:56436/
[main] INFO io.javalin.Javalin - You are running Javalin 6.1.3 (released March 2, 2024).
[JettyServerThreadPool-39] WARN io.javalin.Javalin - Uncaught exception
java.lang.NullPointerException: Parameter specified as non-null is null: method io.javalin.http.Context.json, parameter obj
	at io.javalin.http.Context.json(Context.kt)
	at com.revature.controller.UserController.register(UserController.java:37)
	at com.revature.utilities.RequestMapper.lambda$setUpEndPoints$1(RequestMapper.java:36)
	at io.javalin.router.Endpoint.handle(Endpoint.kt:52)
	at io.javalin.router.ParsedEndpoint.handle(ParsedEndpoint.kt:15)
	at io.javalin.http.servlet.DefaultTasks.HTTP$lambda$9$lambda$7$lambda$6(DefaultTasks.kt:52)
	at io.javalin.http.servlet.JavalinServlet.handleTask(JavalinServlet.kt:99)
	at io.javalin.http.servlet.JavalinServlet.handleSync(JavalinServlet.kt:64)
	at io.javalin.http.servlet.JavalinServlet.handle(JavalinServlet.kt:50)
	at io.javalin.http.servlet.JavalinServlet.service(JavalinServlet.kt:30)
	at jakarta.servlet.http.HttpServlet.service(HttpServlet.java:587)
	at io.javalin.jetty.JavalinJettyServlet.service(JavalinJettyServlet.kt:52)
	at jakarta.servlet.http.HttpServlet.service(HttpServlet.java:587)
	at org.eclipse.jetty.servlet.ServletHolder.handle(ServletHolder.java:764)
	at org.eclipse.jetty.servlet.ServletHandler.doHandle(ServletHandler.java:529)
	at org.eclipse.jetty.server.handler.ScopedHandler.nextHandle(ScopedHandler.java:221)
	at org.eclipse.jetty.server.session.SessionHandler.doHandle(SessionHandler.java:1580)
	at org.eclipse.jetty.server.handler.ScopedHandler.nextHandle(ScopedHandler.java:221)
	at org.eclipse.jetty.server.handler.ContextHandler.doHandle(ContextHandler.java:1381)
	at org.eclipse.jetty.server.handler.ScopedHandler.nextScope(ScopedHandler.java:176)
	at org.eclipse.jetty.servlet.ServletHandler.doScope(ServletHandler.java:484)
	at org.eclipse.jetty.server.session.SessionHandler.doScope(SessionHandler.java:1553)
	at org.eclipse.jetty.server.handler.ScopedHandler.nextScope(ScopedHandler.java:174)
	at org.eclipse.jetty.server.handler.ContextHandler.doScope(ContextHandler.java:1303)
	at org.eclipse.jetty.server.handler.ScopedHandler.handle(ScopedHandler.java:129)
	at org.eclipse.jetty.server.handler.StatisticsHandler.handle(StatisticsHandler.java:173)
	at org.eclipse.jetty.server.handler.HandlerWrapper.handle(HandlerWrapper.java:122)
	at org.eclipse.jetty.server.Server.handle(Server.java:563)
	at org.eclipse.jetty.server.HttpChannel$RequestDispatchable.dispatch(HttpChannel.java:1598)
	at org.eclipse.jetty.server.HttpChannel.dispatch(HttpChannel.java:753)
	at org.eclipse.jetty.server.HttpChannel.handle(HttpChannel.java:501)
	at org.eclipse.jetty.server.HttpConnection.onFillable(HttpConnection.java:287)
	at org.eclipse.jetty.io.AbstractConnection$ReadCallback.succeeded(AbstractConnection.java:314)
	at org.eclipse.jetty.io.FillInterest.fillable(FillInterest.java:100)
	at org.eclipse.jetty.io.SelectableChannelEndPoint$1.run(SelectableChannelEndPoint.java:53)
	at org.eclipse.jetty.util.thread.QueuedThreadPool.runJob(QueuedThreadPool.java:969)
	at org.eclipse.jetty.util.thread.QueuedThreadPool$Runner.doRunJob(QueuedThreadPool.java:1194)
	at org.eclipse.jetty.util.thread.QueuedThreadPool$Runner.run(QueuedThreadPool.java:1149)
	at java.base/java.lang.Thread.run(Thread.java:1583)
500 :::: Server Error

]]></system-err>
  </testcase>
</testsuite>